<?xml version="1.0" encoding="UTF-8"?>
<!-- Generated by org.testng.reporters.JUnitReportReporter -->
<testsuite hostname="JIJO-PC" failures="0" tests="2" name="MakeMyTrip.MakeMyTripTest" time="170.455" errors="0" timestamp="2020-11-03T18:42:24 IST" skipped="0">
  <testcase classname="MakeMyTrip.MakeMyTripTest" name="logintest" time="67.965"/>
  <system-out/>
  <testcase classname="MakeMyTrip.MakeMyTripTest" name="hotelBookingtest" time="102.490"/>
  <system-out/>
</testsuite> <!-- MakeMyTrip.MakeMyTripTest -->
