<?xml version="1.0" encoding="UTF-8"?>
<!-- Generated by org.testng.reporters.JUnitReportReporter -->
<testsuite hostname="JIJO-PC" failures="0" tests="1" name="MakeMyTrip.HotelBookTest" time="0.000" errors="0" timestamp="2020-11-03T12:47:08 IST" skipped="1">
  <testcase classname="MakeMyTrip.HotelBookTest" name="HotelBookingtest" time="0.000">
    <skipped/>
  </testcase> <!-- HotelBookingtest -->
  <system-out/>
</testsuite> <!-- MakeMyTrip.HotelBookTest -->
